10-01-2023 02:00:11.160 INFO: Incoming request | #1 | resource: /stack/size | HTTP Verb GET | request #1
10-01-2023 02:00:21.565 INFO: Incoming request | #2 | resource: /stack/arguments | HTTP Verb PUT | request #2
10-01-2023 02:00:27.277 INFO: Incoming request | #3 | resource: /independent/calculate | HTTP Verb POST | request #3
10-01-2023 02:00:32.108 INFO: Incoming request | #4 | resource: /stack/size | HTTP Verb GET | request #4
10-01-2023 02:00:40.663 INFO: Incoming request | #5 | resource: /logs/level | HTTP Verb PUT | request #5
10-01-2023 02:00:46.051 INFO: Incoming request | #6 | resource: /stack/size | HTTP Verb GET | request #6
10-01-2023 02:01:03.378 INFO: Incoming request | #7 | resource: /stack/operate | HTTP Verb GET | request #7
10-01-2023 02:01:12.271 INFO: Incoming request | #8 | resource: /stack/operate | HTTP Verb GET | request #8
10-01-2023 02:01:26.166 INFO: Incoming request | #9 | resource: /stack/arguments | HTTP Verb PUT | request #9
10-01-2023 02:01:32.293 INFO: Incoming request | #10 | resource: /stack/operate | HTTP Verb GET | request #10
10-01-2023 02:01:45.110 INFO: Incoming request | #11 | resource: /logs/level | HTTP Verb PUT | request #11
10-01-2023 02:01:45.111 DEBUG: request #11 duration: 1ms | request #11
10-01-2023 02:02:00.383 INFO: Incoming request | #12 | resource: /stack/arguments | HTTP Verb PUT | request #12
10-01-2023 02:02:00.383 DEBUG: request #12 duration: 0ms | request #12
10-01-2023 02:02:08.228 INFO: Incoming request | #13 | resource: /stack/operate | HTTP Verb GET | request #13
10-01-2023 02:02:08.228 DEBUG: request #13 duration: 0ms | request #13
10-01-2023 02:02:15.200 INFO: Incoming request | #14 | resource: /stack/arguments | HTTP Verb DELETE | request #14
10-01-2023 02:02:15.200 DEBUG: request #14 duration: 0ms | request #14
10-01-2023 02:02:19.111 INFO: Incoming request | #15 | resource: /stack/size | HTTP Verb GET | request #15
10-01-2023 02:02:19.111 DEBUG: request #15 duration: 0ms | request #15
